[2025-12-06 11:45:12] INFO  TenantService - Загружено арендаторов: 1
[2025-12-06 11:45:12] INFO  MainController - MainController инициализирован
[2025-12-06 11:45:13] INFO  MainApp - Приложение запущено
[2025-12-06 11:45:32] INFO  TenantService - Обновлён арендатор: Серикова Алия Марленовна (id=f15b52be-d825-4da0-91bb-2f1e4493c4e9)
[2025-12-06 11:45:32] INFO  MainController - Арендатор обновлён: Серикова Алия Марленовна
[2025-12-06 11:54:33] INFO  TenantService - Загружено арендаторов: 1
[2025-12-06 11:54:33] INFO  LandlordService - Загружено арендодателей: 2
[2025-12-06 11:54:33] INFO  PropertyService - Загружено объектов: 3
[2025-12-06 11:54:33] INFO  ContractService - Загружено договоров: 2
[2025-12-06 11:54:33] INFO  MainController - MainController инициализирован
[2025-12-06 11:54:34] INFO  MainApp - Приложение запущено
[2025-12-06 11:55:50] INFO  TenantService - Обновлён арендатор: Серикова Алия Марленовна (id=f15b52be-d825-4da0-91bb-2f1e4493c4e9)
[2025-12-06 11:55:50] INFO  MainController - Арендатор обновлён: Серикова Алия Марленовна
[2025-12-06 11:55:56] INFO  LandlordService - Арендодатель удалён (id=ace7d60a-550c-4aa9-b361-5f03c944af83)
[2025-12-06 11:55:56] INFO  MainController - Арендодатель удалён: Петрова Елена Викторовна
[2025-12-06 11:56:29] INFO  TenantService - Обновлён арендатор: Серикова Алия Марленовна (id=f15b52be-d825-4da0-91bb-2f1e4493c4e9)
[2025-12-06 11:56:29] INFO  MainController - Арендатор обновлён: Серикова Алия Марленовна
[2025-12-06 15:52:14] INFO  TenantService - Загружено арендаторов: 1
[2025-12-06 15:52:14] INFO  LandlordService - Загружено арендодателей: 1
[2025-12-06 15:52:14] INFO  PropertyService - Загружено объектов: 3
[2025-12-06 15:52:14] INFO  ContractService - Загружено договоров: 2
[2025-12-06 15:52:14] INFO  MainController - MainController инициализирован
[2025-12-06 15:52:14] INFO  MainApp - Приложение запущено
[2025-12-06 16:54:38] INFO  TenantService - Загружено арендаторов: 1
[2025-12-06 16:54:38] INFO  LandlordService - Загружено арендодателей: 1
[2025-12-06 16:54:38] INFO  PropertyService - Загружено объектов: 3
[2025-12-06 16:54:38] INFO  ContractService - Загружено договоров: 2
[2025-12-06 16:54:38] INFO  MainController - MainController инициализирован
[2025-12-06 16:54:39] INFO  MainApp - Приложение запущено
[2025-12-06 17:21:58] INFO  TenantService - Добавлен арендатор: Тлеубергенов Дамир Бекболатович (id=a4eded94-2fed-4d25-9ba8-b7cbbd47ad0a)
[2025-12-06 17:21:58] INFO  MainController - Арендатор добавлен: Тлеубергенов Дамир Бекболатович
[2025-12-06 17:29:34] INFO  TenantService - Загружено арендаторов: 2
[2025-12-06 17:29:34] INFO  LandlordService - Загружено арендодателей: 1
[2025-12-06 17:29:34] INFO  PropertyService - Загружено объектов: 3
[2025-12-06 17:29:34] INFO  ContractService - Загружено договоров: 2
[2025-12-06 17:29:34] INFO  MainController - MainController инициализирован
[2025-12-06 17:29:35] INFO  MainApp - Приложение запущено
[2025-12-06 17:32:23] INFO  TenantService - Добавлен арендатор: 5755 (id=57ada1db-7821-4e8c-bae8-bb4f690f4630)
[2025-12-06 17:32:23] INFO  MainController - Арендатор добавлен: 5755
[2025-12-06 17:32:27] INFO  TenantService - Удалён арендатор: 5755 (id=57ada1db-7821-4e8c-bae8-bb4f690f4630)
[2025-12-06 17:32:27] INFO  MainController - Арендатор удалён: 5755
[2025-12-06 18:02:07] INFO  TenantService - Обновлён арендатор: Серикова Алия Марленовна (id=f15b52be-d825-4da0-91bb-2f1e4493c4e9)
[2025-12-06 18:02:07] INFO  MainController - Арендатор обновлён: Серикова Алия Марленовна
[2025-12-06 18:02:11] INFO  TenantService - Удалён арендатор: Серикова Алия Марленовна (id=f15b52be-d825-4da0-91bb-2f1e4493c4e9)
[2025-12-06 18:02:11] INFO  MainController - Арендатор удалён: Серикова Алия Марленовна
[2025-12-06 18:02:45] INFO  TenantService - Добавлен арендатор: Ахмедов Нурлан (id=0d803b0c-3f13-4293-becb-453cb6dcf37b)
[2025-12-06 18:02:45] INFO  MainController - Арендатор добавлен: Ахмедов Нурлан
[2025-12-06 18:03:10] INFO  TenantService - Добавлен арендатор: Диас (id=2fb43ca5-fb9e-4efb-91c1-a9bcf6775f21)
[2025-12-06 18:03:10] INFO  MainController - Арендатор добавлен: Диас
[2025-12-06 18:03:14] INFO  TenantService - Удалён арендатор: Диас (id=2fb43ca5-fb9e-4efb-91c1-a9bcf6775f21)
[2025-12-06 18:03:14] INFO  MainController - Арендатор удалён: Диас
[2025-12-06 18:04:05] INFO  ContractService - Создан договор f939424c-b919-4745-a24f-db3248301d39
[2025-12-06 18:04:05] INFO  MainController - Договор создан: f939424c-b919-4745-a24f-db3248301d39
[2025-12-06 18:04:26] WARN  MainController - Ошибка валидации: Ошибка заполнения полей договора.
[2025-12-06 18:04:26] WARN  MainController - Пользовательское предупреждение: Ошибка заполнения полей договора.
[2025-12-06 18:04:45] INFO  PaymentService - Платёж обновлён (id=5bbb14c2-0522-4518-8788-6c9f49114b83)
[2025-12-06 18:04:45] INFO  MainController - Платёж обновлён: 5bbb14c2-0522-4518-8788-6c9f49114b83
[2025-12-06 18:05:02] INFO  PaymentService - Добавлен платёж на сумму 4500000.0 (id=edc17b9d-df74-4619-82fd-d150da5269fc)
[2025-12-06 18:05:02] INFO  MainController - Платёж создан
[2025-12-06 18:09:02] INFO  PaymentService - Добавлен платёж на сумму 300000.0 (id=5db3dd06-a2e0-4f6e-bf04-c00bd78474fe)
[2025-12-06 18:09:02] INFO  MainController - Платёж создан
[2025-12-07 08:28:08] INFO  TenantService - Загружено арендаторов: 2
[2025-12-07 08:28:08] INFO  LandlordService - Загружено арендодателей: 1
[2025-12-07 08:28:08] INFO  PropertyService - Загружено объектов: 3
[2025-12-07 08:28:08] INFO  ContractService - Загружено договоров: 3
[2025-12-07 08:28:08] INFO  MainController - MainController инициализирован
[2025-12-07 08:28:09] INFO  MainApp - Приложение запущено
[2025-12-07 08:28:50] INFO  PropertyService - Добавлен объект недвижимости Квартира (id=7c19f175-b70e-4952-ab06-abdf463e1545)
[2025-12-07 08:28:50] INFO  MainController - Объект создан: Квартира
[2025-12-07 08:29:08] INFO  PropertyService - Добавлен объект недвижимости 4444 (id=481de7d7-66fd-48fe-9eb1-af794f4551cf)
[2025-12-07 08:29:08] INFO  MainController - Объект создан: 4444
[2025-12-07 08:29:12] INFO  PropertyService - Объект недвижимости удалён (id=481de7d7-66fd-48fe-9eb1-af794f4551cf)
[2025-12-07 08:29:12] INFO  MainController - Объект удалён: 4444
[2025-12-07 09:10:16] INFO  TenantService - Загружено арендаторов: 2
[2025-12-07 09:10:16] INFO  LandlordService - Загружено арендодателей: 1
[2025-12-07 09:10:16] INFO  PropertyService - Загружено объектов: 4
[2025-12-07 09:10:16] INFO  ContractService - Загружено договоров: 3
[2025-12-07 09:10:16] INFO  MainController - MainController инициализирован
[2025-12-07 09:10:17] INFO  MainApp - Приложение запущено
[2025-12-07 09:10:43] WARN  MainController - Ошибка валидации: ФИО должно содержать только буквы
[2025-12-07 09:10:43] WARN  MainController - Пользовательское предупреждение: ФИО должно содержать только буквы
[2025-12-07 09:11:18] WARN  MainController - Ошибка валидации: Телефон может содержать только цифры, +, -, пробелы
[2025-12-07 09:11:18] WARN  MainController - Пользовательское предупреждение: Телефон может содержать только цифры, +, -, пробелы
[2025-12-07 09:12:29] INFO  LandlordService - Добавлен арендодатель Муратов Диас (id=009bc42b-2aca-4164-92cc-dbb43fd04a65)
[2025-12-07 09:12:29] INFO  MainController - Арендодатель добавлен: Муратов Диас
[2025-12-07 09:12:55] WARN  MainController - Ошибка валидации: ФИО должно содержать только буквы
[2025-12-07 09:12:55] WARN  MainController - Пользовательское предупреждение: ФИО должно содержать только буквы
[2025-12-07 09:13:23] WARN  MainController - Ошибка валидации: Телефон может содержать только цифры, +, -, пробелы
[2025-12-07 09:13:23] WARN  MainController - Пользовательское предупреждение: Телефон может содержать только цифры, +, -, пробелы
[2025-12-07 09:13:48] WARN  MainController - Ошибка валидации: Некорректный email
[2025-12-07 09:13:48] WARN  MainController - Пользовательское предупреждение: Некорректный email
[2025-12-07 09:17:15] WARN  MainController - Ошибка валидации: Площадь должно быть положительным числом
[2025-12-07 09:17:15] WARN  MainController - Пользовательское предупреждение: Площадь должно быть положительным числом
[2025-12-07 09:21:40] INFO  TenantService - Загружено арендаторов: 2
[2025-12-07 09:21:40] INFO  LandlordService - Загружено арендодателей: 2
[2025-12-07 09:21:40] INFO  PropertyService - Загружено объектов: 4
[2025-12-07 09:21:40] INFO  ContractService - Загружено договоров: 3
[2025-12-07 09:21:40] INFO  MainController - MainController инициализирован
[2025-12-07 09:21:40] INFO  MainApp - Приложение запущено
[2025-12-07 09:22:09] WARN  MainController - Ошибка валидации: Площадь должно содержать только числа
[2025-12-07 09:22:09] WARN  MainController - Пользовательское предупреждение: Площадь должно содержать только числа
[2025-12-07 09:22:27] WARN  MainController - Ошибка валидации: Название должно содержать только буквы
[2025-12-07 09:22:27] WARN  MainController - Пользовательское предупреждение: Название должно содержать только буквы
[2025-12-07 09:22:48] INFO  PropertyService - Добавлен объект недвижимости уапыа (id=d6052ef5-c6ea-4282-8b32-28724f9c65c8)
[2025-12-07 09:22:48] INFO  MainController - Объект создан: уапыа
[2025-12-07 09:22:55] INFO  PropertyService - Объект недвижимости удалён (id=d6052ef5-c6ea-4282-8b32-28724f9c65c8)
[2025-12-07 09:22:55] INFO  MainController - Объект удалён: уапыа
[2025-12-07 09:44:05] INFO  TenantService - Загружено арендаторов: 2
[2025-12-07 09:44:05] INFO  LandlordService - Загружено арендодателей: 2
[2025-12-07 09:44:05] INFO  PropertyService - Загружено объектов: 4
[2025-12-07 09:44:05] INFO  ContractService - Загружено договоров: 3
[2025-12-07 09:44:05] INFO  MainController - MainController инициализирован
[2025-12-07 09:44:05] INFO  MainApp - Приложение запущено
[2025-12-07 09:44:42] WARN  MainController - Ошибка валидации: Адрес должен содержать не только цифры
[2025-12-07 09:44:42] WARN  MainController - Пользовательское предупреждение: Адрес должен содержать не только цифры
[2025-12-07 12:26:34] INFO  PaymentService - Платёж удалён (id=5db3dd06-a2e0-4f6e-bf04-c00bd78474fe)
[2025-12-07 12:26:34] INFO  MainController - Платёж удалён: 5db3dd06-a2e0-4f6e-bf04-c00bd78474fe
[2025-12-07 12:26:37] INFO  PaymentService - Платёж удалён (id=e348bc3e-f258-46e3-9f04-637bca99cd6f)
[2025-12-07 12:26:37] INFO  MainController - Платёж удалён: e348bc3e-f258-46e3-9f04-637bca99cd6f
[2025-12-07 13:08:03] INFO  TenantService - Загружено арендаторов: 2
[2025-12-07 13:08:03] INFO  LandlordService - Загружено арендодателей: 2
[2025-12-07 13:08:03] INFO  PropertyService - Загружено объектов: 4
[2025-12-07 13:08:03] INFO  ContractService - Загружено договоров: 3
[2025-12-07 13:08:03] INFO  MainController - MainController инициализирован
[2025-12-07 13:08:03] INFO  MainApp - Приложение запущено
[2025-12-07 13:11:59] INFO  ContractService - Загружено договоров: 3
[2025-12-07 13:12:03] INFO  ContractService - Загружено договоров: 3
[2025-12-07 13:14:35] INFO  ContractService - Загружено договоров: 3
[2025-12-07 13:14:35] INFO  TenantService - Удалён арендатор: Тлеубергенов Дамир Бекболатович (id=a4eded94-2fed-4d25-9ba8-b7cbbd47ad0a)
[2025-12-07 13:14:35] INFO  MainController - Арендатор удалён: Тлеубергенов Дамир Бекболатович
[2025-12-07 13:17:15] INFO  PropertyService - Добавлен объект недвижимости дом (id=88215328-ace3-4b7f-bc67-682db2fc9e96)
[2025-12-07 13:17:15] INFO  MainController - Объект создан: дом
[2025-12-07 13:18:03] INFO  TenantService - Добавлен арендатор: Звездочкин Максим (id=cfe09994-7574-4c50-bbfd-2a9ac13f665a)
[2025-12-07 13:18:03] INFO  MainController - Арендатор добавлен: Звездочкин Максим
[2025-12-07 13:19:03] INFO  LandlordService - Добавлен арендодатель Булочкин Руслан (id=fe8c50a8-6186-4c98-801a-ef28ca674a22)
[2025-12-07 13:19:03] INFO  MainController - Арендодатель добавлен: Булочкин Руслан
[2025-12-07 13:19:34] INFO  ContractService - Создан договор a6e52eb8-6170-42a5-a74b-9cda4641482f
[2025-12-07 13:19:34] INFO  MainController - Договор создан: a6e52eb8-6170-42a5-a74b-9cda4641482f
[2025-12-07 13:25:08] INFO  PaymentService - Добавлен платёж на сумму 4000000.0 (id=908ed469-bec3-4447-a041-edba78000ba4)
[2025-12-07 13:25:08] INFO  MainController - Платёж создан
[2025-12-07 13:25:16] INFO  MainController - Данные обновлены пользователем вручную.
[2025-12-07 13:25:25] INFO  TenantService - Загружено арендаторов: 2
[2025-12-07 13:25:25] INFO  LandlordService - Загружено арендодателей: 3
[2025-12-07 13:25:25] INFO  PropertyService - Загружено объектов: 5
[2025-12-07 13:25:25] INFO  ContractService - Загружено договоров: 4
[2025-12-07 13:25:25] INFO  MainController - MainController инициализирован
[2025-12-07 13:25:26] INFO  MainApp - Приложение запущено
[2025-12-07 13:26:08] INFO  PaymentService - Добавлен платёж на сумму 70000.0 (id=3bf6ecff-ac8c-479f-969b-1b1e670ce496)
[2025-12-07 13:26:08] INFO  MainController - Платёж создан
[2025-12-07 13:26:25] INFO  MainController - Данные обновлены пользователем вручную.
[2025-12-07 13:32:38] INFO  PaymentService - Добавлен платёж на сумму 50000.0 (id=975e2e3c-03f2-4846-96d3-45e454730b1d)
[2025-12-07 13:32:38] INFO  MainController - Платёж создан
[2025-12-07 13:32:47] INFO  TenantService - Загружено арендаторов: 2
[2025-12-07 13:32:47] INFO  LandlordService - Загружено арендодателей: 3
[2025-12-07 13:32:47] INFO  PropertyService - Загружено объектов: 5
[2025-12-07 13:32:47] INFO  ContractService - Загружено договоров: 4
[2025-12-07 13:32:48] INFO  MainController - MainController инициализирован
[2025-12-07 13:32:48] INFO  MainApp - Приложение запущено
[2025-12-07 13:33:36] INFO  PaymentService - Добавлен платёж на сумму 40000.0 (id=36a32db9-2d17-4b5e-8b8d-fde1bacbf483)
[2025-12-07 13:33:36] INFO  MainController - Платёж создан
[2025-12-07 13:33:44] INFO  TenantService - Загружено арендаторов: 2
[2025-12-07 13:33:44] INFO  LandlordService - Загружено арендодателей: 3
[2025-12-07 13:33:44] INFO  PropertyService - Загружено объектов: 5
[2025-12-07 13:33:44] INFO  ContractService - Загружено договоров: 4
[2025-12-07 13:33:44] INFO  MainController - MainController инициализирован
[2025-12-07 13:33:44] INFO  MainApp - Приложение запущено
[2025-12-07 14:25:52] INFO  TenantService - Загружено арендаторов: 2
[2025-12-07 14:25:52] INFO  LandlordService - Загружено арендодателей: 3
[2025-12-07 14:25:52] INFO  PropertyService - Загружено объектов: 5
[2025-12-07 14:25:52] INFO  ContractService - Загружено договоров: 4
[2025-12-07 14:25:52] INFO  MainController - MainController инициализирован
[2025-12-07 14:25:52] INFO  MainApp - Приложение запущено
[2025-12-07 14:27:53] INFO  TenantService - Добавлен арендатор: Чичиков Анатолий (id=3e72e06b-db00-4d48-b1ba-1c76d7f2e906)
[2025-12-07 14:27:53] INFO  MainController - Арендатор добавлен: Чичиков Анатолий
[2025-12-07 14:28:40] INFO  LandlordService - Добавлен арендодатель Пушкин Олег (id=c10164bf-0381-4138-a6f9-a1bf87d0f19b)
[2025-12-07 14:28:40] INFO  MainController - Арендодатель добавлен: Пушкин Олег
[2025-12-07 14:32:35] INFO  PropertyService - Добавлен объект недвижимости 2-комнатная квартира (id=2a6a8460-ce99-419e-9761-a6abf3199298)
[2025-12-07 14:32:35] INFO  MainController - Объект создан: 2-комнатная квартира
[2025-12-07 14:33:21] INFO  PropertyService - Объект обновлён (id=2a6a8460-ce99-419e-9761-a6abf3199298)
[2025-12-07 14:33:21] INFO  MainController - Объект обновлён: 2-комнатная квартира
[2025-12-07 14:33:51] INFO  ContractService - Создан договор 55deb05f-48a9-43ab-9d82-87c7c09659ba
[2025-12-07 14:33:51] INFO  MainController - Договор создан: 55deb05f-48a9-43ab-9d82-87c7c09659ba
[2025-12-07 14:35:20] INFO  PaymentService - Добавлен платёж на сумму 20000.0 (id=6402d653-5b5a-46f3-a94f-97eaf9f70225)
[2025-12-07 14:35:20] INFO  MainController - Платёж создан
[2025-12-07 14:36:01] INFO  PaymentService - Добавлен платёж на сумму 230000.0 (id=3339a39d-3efb-4e07-9aaa-5d68b511a084)
[2025-12-07 14:36:01] INFO  MainController - Платёж создан
[2025-12-07 14:41:46] INFO  PaymentService - Добавлен платёж на сумму 3000.0 (id=ed582f9f-a14e-453d-8077-4f54816d9b73)
[2025-12-07 14:41:46] INFO  MainController - Платёж создан
[2025-12-07 14:42:22] INFO  PaymentService - Добавлен платёж на сумму 30000.0 (id=1b92f35c-99b3-41cd-8ed9-ff04afaa88bb)
[2025-12-07 14:42:22] INFO  MainController - Платёж создан
[2025-12-07 14:51:23] INFO  TenantService - Загружено арендаторов: 3
[2025-12-07 14:51:23] INFO  LandlordService - Загружено арендодателей: 4
[2025-12-07 14:51:23] INFO  PropertyService - Загружено объектов: 6
[2025-12-07 14:51:23] INFO  ContractService - Загружено договоров: 5
[2025-12-07 14:51:23] INFO  MainController - MainController инициализирован
[2025-12-07 14:51:24] INFO  MainApp - Приложение запущено
[2025-12-07 14:51:54] INFO  PaymentService - Добавлен платёж 4500.0 (id=cb4f7033-0c18-4e22-aaea-7ff8693b368b)
[2025-12-07 14:51:54] INFO  MainController - Платёж создан
[2025-12-07 14:53:03] WARN  MainController - Ошибка валидации: ФИО должно содержать только буквы
[2025-12-07 14:53:03] WARN  MainController - Пользовательское предупреждение: ФИО должно содержать только буквы
[2025-12-07 14:53:43] INFO  TenantService - Добавлен арендатор: Исаева Динара Абзалкызы (id=11db742a-2cf6-4428-b83d-b9204c74bade)
[2025-12-07 14:53:43] INFO  MainController - Арендатор добавлен: Исаева Динара Абзалкызы
[2025-12-07 14:54:29] INFO  LandlordService - Добавлен арендодатель Омарова Гульмира Сагидуллаевна (id=a6fa63cd-04c3-4ba4-828b-25d9898c9c5d)
[2025-12-07 14:54:29] INFO  MainController - Арендодатель добавлен: Омарова Гульмира Сагидуллаевна
[2025-12-07 14:55:24] WARN  MainController - Ошибка валидации: Адрес содержит недопустимые символы
[2025-12-07 14:55:24] WARN  MainController - Пользовательское предупреждение: Адрес содержит недопустимые символы
[2025-12-07 14:56:10] INFO  PropertyService - Добавлен объект недвижимости Дом в Наурызбайском районе (id=adce7921-eca8-451b-bffd-02c768e17a2a)
[2025-12-07 14:56:10] INFO  MainController - Объект создан: Дом в Наурызбайском районе
[2025-12-07 14:56:43] INFO  ContractService - Создан договор 7125c4dd-abfd-4800-865f-93ebfd455b61
[2025-12-07 14:56:43] INFO  MainController - Договор создан: 7125c4dd-abfd-4800-865f-93ebfd455b61
[2025-12-07 14:57:29] INFO  PaymentService - Добавлен платёж 370000.0 (id=05af2762-de62-4568-871b-c0757d4003a2)
[2025-12-07 14:57:29] INFO  MainController - Платёж создан
[2025-12-07 14:58:03] INFO  PaymentService - Добавлен платёж 50000.0 (id=239bde1f-d3ba-4d62-9195-bed63e96a476)
[2025-12-07 14:58:03] INFO  MainController - Платёж создан
[2025-12-07 14:59:03] INFO  MainController - Данные обновлены пользователем вручную.
[2025-12-07 15:18:11] INFO  TenantService - Загружено арендаторов: 4
[2025-12-07 15:18:11] INFO  LandlordService - Загружено арендодателей: 5
[2025-12-07 15:18:11] INFO  PropertyService - Загружено объектов: 7
[2025-12-07 15:18:11] INFO  ContractService - Загружено договоров: 6
[2025-12-07 15:18:11] INFO  MainController - MainController инициализирован
[2025-12-07 15:18:11] INFO  MainApp - Приложение запущено
[2025-12-07 15:22:01] INFO  TenantService - Загружено арендаторов: 4
[2025-12-07 15:22:01] INFO  LandlordService - Загружено арендодателей: 5
[2025-12-07 15:22:01] INFO  PropertyService - Загружено объектов: 7
[2025-12-07 15:22:01] INFO  ContractService - Загружено договоров: 6
[2025-12-07 15:22:01] INFO  MainController - MainController инициализирован
[2025-12-07 15:22:01] INFO  MainApp - Приложение запущено
[2025-12-07 15:45:15] INFO  TenantService - Загружено арендаторов: 4
[2025-12-07 15:45:15] INFO  LandlordService - Загружено арендодателей: 5
[2025-12-07 15:45:15] INFO  PropertyService - Загружено объектов: 7
[2025-12-07 15:45:15] INFO  ContractService - Загружено договоров: 6
[2025-12-07 15:45:15] INFO  MainController - MainController инициализирован
[2025-12-07 15:45:15] INFO  MainApp - Приложение запущено
[2025-12-07 15:45:19] INFO  MainController - Данные обновлены пользователем вручную.
[2025-12-07 15:48:30] INFO  TenantService - Загружено арендаторов: 4
[2025-12-07 15:48:30] INFO  LandlordService - Загружено арендодателей: 5
[2025-12-07 15:48:30] INFO  PropertyService - Загружено объектов: 7
[2025-12-07 15:48:30] INFO  ContractService - Загружено договоров: 6
[2025-12-07 15:48:30] INFO  MainController - MainController инициализирован
[2025-12-07 15:48:30] INFO  MainApp - Приложение запущено
[2025-12-07 15:49:46] INFO  TenantService - Загружено арендаторов: 4
[2025-12-07 15:49:46] INFO  LandlordService - Загружено арендодателей: 5
[2025-12-07 15:49:46] INFO  PropertyService - Загружено объектов: 7
[2025-12-07 15:49:46] INFO  ContractService - Загружено договоров: 6
[2025-12-07 15:49:46] INFO  MainController - MainController инициализирован
[2025-12-07 15:49:47] INFO  MainApp - Приложение запущено
[2025-12-07 15:52:55] INFO  TenantService - Загружено арендаторов: 4
[2025-12-07 15:52:55] INFO  LandlordService - Загружено арендодателей: 5
[2025-12-07 15:52:55] INFO  PropertyService - Загружено объектов: 7
[2025-12-07 15:52:55] INFO  ContractService - Загружено договоров: 6
[2025-12-07 15:52:55] INFO  MainController - MainController инициализирован
[2025-12-07 15:52:55] INFO  MainApp - Приложение запущено
[2025-12-07 15:53:28] INFO  MainController - Данные обновлены пользователем вручную.
[2025-12-07 19:55:30] INFO  TenantService - Загружено арендаторов: 4
[2025-12-07 19:55:30] INFO  LandlordService - Загружено арендодателей: 5
[2025-12-07 19:55:30] INFO  PropertyService - Загружено объектов: 7
[2025-12-07 19:55:30] INFO  ContractService - Загружено договоров: 6
[2025-12-07 19:55:30] INFO  MainController - MainController инициализирован
[2025-12-07 19:55:31] INFO  MainApp - Приложение запущено
[2025-12-07 19:56:06] INFO  TenantService - Обновлён арендатор: Исаева Динара Абзалкызы (id=11db742a-2cf6-4428-b83d-b9204c74bade)
[2025-12-07 19:56:06] INFO  MainController - Арендатор обновлён: Исаева Динара Абзалкызы
[2025-12-07 20:50:09] INFO  TenantService - Загружено арендаторов: 4
[2025-12-07 20:50:09] INFO  LandlordService - Загружено арендодателей: 5
[2025-12-07 20:50:09] INFO  PropertyService - Загружено объектов: 7
[2025-12-07 20:50:09] INFO  ContractService - Загружено договоров: 6
[2025-12-07 20:50:09] INFO  MainController - MainController инициализирован
[2025-12-07 20:50:09] INFO  MainApp - Приложение запущено
[2025-12-07 21:37:37] INFO  ContractService - Загружено договоров: 6
[2025-12-07 21:37:37] INFO  TenantService - Загружено арендаторов: 4
[2025-12-07 21:37:37] INFO  LandlordService - Загружено арендодателей: 5
[2025-12-07 21:37:37] INFO  PropertyService - Загружено объектов: 7
[2025-12-07 21:37:37] INFO  MainController - MainController инициализирован
[2025-12-07 21:37:37] INFO  MainApp - Приложение запущено
[2025-12-07 21:37:50] WARN  MainController - Ошибка валидации: Нельзя удалить арендатора — он участвует в договоре.
[2025-12-07 21:37:50] WARN  MainController - Пользовательское предупреждение: Нельзя удалить арендатора — он участвует в договоре.
